<?xml version="1.0" encoding="UTF-8"?>
<!-- Generated by org.testng.reporters.JUnitReportReporter -->
<testsuite hostname="LAPTOP-79JPDVN6" failures="0" tests="1" name="basicTest.basicTest1" time="12.748" errors="0" timestamp="2024-03-03T16:51:52 IST" skipped="0">
  <testcase classname="basicTest.basicTest1" name="Test1" time="12.748"/>
  <system-out/>
</testsuite> <!-- basicTest.basicTest1 -->
